Build started 17/10/2559 22:02:35.
     1>Project "C:\Users\ChiChaChai\Documents\Computer Programming\ChiChaTankGame_V2\ChiChaTankGame_V2\ChiChaTankGame_V2.vcxproj" on node 2 (Build target(s)).
     1>ClCompile:
         C:\Program Files (x86)\Microsoft Visual Studio 12.0\VC\bin\CL.exe /c /I"C:\Program Files (x86)\Microsoft Visual Studio 12.0\VC\SFML-2.4.0\include" /Zi /nologo /W3 /WX- /O2 /Oi /Oy- /GL /D WIN32 /D SFML_STATIC /D NDEBUG /D _CONSOLE /D _LIB /D _UNICODE /D UNICODE /Gm- /EHsc /MD /GS /Gy /fp:precise /Zc:wchar_t /Zc:forScope /Fo"Release\\" /Fd"Release\vc120.pdb" /Gd /TP /analyze- /errorReport:prompt ChiChaTankGame_V2.cpp
         ChiChaTankGame_V2.cpp
     1>ChiChaTankGame_V2.cpp(405): warning C4244: 'argument' : conversion from 'time_t' to 'unsigned int', possible loss of data
     1>ChiChaTankGame_V2.cpp(440): warning C4244: 'argument' : conversion from 'unsigned int' to 'float', possible loss of data
     1>ChiChaTankGame_V2.cpp(493): warning C4244: 'argument' : conversion from 'int' to 'float', possible loss of data
     1>ChiChaTankGame_V2.cpp(508): warning C4244: 'argument' : conversion from 'int' to 'float', possible loss of data
     1>ChiChaTankGame_V2.cpp(529): warning C4244: 'argument' : conversion from 'int' to 'float', possible loss of data
     1>ChiChaTankGame_V2.cpp(546): warning C4244: 'argument' : conversion from 'int' to 'float', possible loss of data
       Link:
         C:\Program Files (x86)\Microsoft Visual Studio 12.0\VC\bin\link.exe /ERRORREPORT:PROMPT /OUT:"C:\Users\ChiChaChai\Documents\Computer Programming\ChiChaTankGame_V2\Release\ChiChaTankGame_V2.exe" /INCREMENTAL:NO /NOLOGO /LIBPATH:"C:\Program Files (x86)\Microsoft Visual Studio 12.0\VC\SFML-2.4.0\lib" "sfml-graphics-s.lib" "sfml-window-s.lib" "sfml-system-s.lib" opengl32.lib freetype.lib jpeg.lib winmm.lib gdi32.lib openal32.lib flac.lib vorbisenc.lib vorbisfile.lib vorbis.lib ogg.lib ws2_32.lib "sfml-network-s.lib" "sfml-audio-s.lib" kernel32.lib user32.lib gdi32.lib winspool.lib comdlg32.lib advapi32.lib shell32.lib ole32.lib oleaut32.lib uuid.lib odbc32.lib odbccp32.lib /MANIFEST /MANIFESTUAC:"level='asInvoker' uiAccess='false'" /manifest:embed /DEBUG /PDB:"C:\Users\ChiChaChai\Documents\Computer Programming\ChiChaTankGame_V2\Release\ChiChaTankGame_V2.pdb" /SUBSYSTEM:CONSOLE /OPT:REF /OPT:ICF /LTCG /TLBID:1 /DYNAMICBASE /NXCOMPAT /IMPLIB:"C:\Users\ChiChaChai\Documents\Computer Programming\ChiChaTankGame_V2\Release\ChiChaTankGame_V2.lib" /MACHINE:X86 /SAFESEH Release\ChiChaTankGame_V2.obj
         Release\stdafx.obj
         Generating code
         Finished generating code
         ChiChaTankGame_V2.vcxproj -> C:\Users\ChiChaChai\Documents\Computer Programming\ChiChaTankGame_V2\Release\ChiChaTankGame_V2.exe
     1>Done Building Project "C:\Users\ChiChaChai\Documents\Computer Programming\ChiChaTankGame_V2\ChiChaTankGame_V2\ChiChaTankGame_V2.vcxproj" (Build target(s)).

Build succeeded.

Time Elapsed 00:00:02.10
